2024-08-04 19:49:24.085 [main] INFO  org.demoqa.AlertsWindowsTestPageObject - Switch current tab to new
2024-08-04 19:50:46.313 [main] INFO  org.demoqa.AlertsWindowsTestPageObject - Switch current tab to new
2024-08-04 19:53:03.767 [main] INFO  org.demoqa.WebTablesPageObject - Registration Form closed
2024-08-04 19:53:04.322 [main] INFO  org.demoqa.WebTablesPageObject - Registration Form still open
2024-08-04 19:53:05.341 [main] INFO  org.demoqa.WebTablesPageObject - New record added
2024-08-04 19:53:05.908 [main] INFO  org.demoqa.WebTablesPageObject - Age edited
2024-08-04 19:57:36.293 [main] INFO  org.demoqa.WebTablesPageObject - Registration Form closed
2024-08-04 19:57:36.821 [main] INFO  org.demoqa.WebTablesPageObject - Registration Form still open
2024-08-04 19:57:37.829 [main] INFO  org.demoqa.WebTablesPageObject - New record added
2024-08-04 19:57:38.353 [main] INFO  org.demoqa.WebTablesPageObject - Age edited
2024-08-04 19:57:55.654 [main] INFO  org.demoqa.WebTablesPageObject - Registration Form closed
2024-08-04 19:57:56.184 [main] INFO  org.demoqa.WebTablesPageObject - Registration Form still open
2024-08-04 19:57:57.236 [main] INFO  org.demoqa.WebTablesPageObject - New record added
2024-08-04 19:57:57.781 [main] INFO  org.demoqa.WebTablesPageObject - Age edited
2024-08-04 19:59:50.521 [main] INFO  org.demoqa.WebTablesPageObject - Registration Form closed
2024-08-04 19:59:51.346 [main] INFO  org.demoqa.WebTablesPageObject - Registration Form still open
2024-08-04 19:59:53.000 [main] INFO  org.demoqa.WebTablesPageObject - New record added
2024-08-04 19:59:54.211 [main] INFO  org.demoqa.WebTablesPageObject - Age edited
2024-08-04 20:01:03.736 [main] INFO  org.demoqa.WebTablesPageObject - Registration Form closed
2024-08-04 20:01:04.264 [main] INFO  org.demoqa.WebTablesPageObject - Registration Form still open
2024-08-04 20:01:05.172 [main] INFO  org.demoqa.WebTablesPageObject - New record added
2024-08-04 20:01:05.713 [main] INFO  org.demoqa.WebTablesPageObject - Age edited
